<?xml version="1.0" encoding="UTF-8"?>
<testng-results ignored="0" total="1" passed="1" failed="0" skipped="0">
  <reporter-output>
  </reporter-output>
  <suite started-at="2024-08-20T02:07:28 PDT" name="Default suite" finished-at="2024-08-20T02:07:35 PDT" duration-ms="7069">
    <groups>
    </groups>
    <test started-at="2024-08-20T02:07:28 PDT" name="Default test" finished-at="2024-08-20T02:07:35 PDT" duration-ms="7069">
      <class name="com.BrowserCommands.TestBrowserCommands">
        <test-method signature="BrowserCommandTest()[pri:0, instance:com.BrowserCommands.TestBrowserCommands@43195e57]" started-at="2024-08-20T02:07:28 PDT" name="BrowserCommandTest" finished-at="2024-08-20T02:07:35 PDT" duration-ms="6973" status="PASS">
          <reporter-output>
          </reporter-output>
        </test-method> <!-- BrowserCommandTest -->
      </class> <!-- com.BrowserCommands.TestBrowserCommands -->
    </test> <!-- Default test -->
  </suite> <!-- Default suite -->
</testng-results>
